NCJNA     37.1770 -121.8447    0.0000    0.0000       0       0      58       0    0.0000    0.0261   1
NCBAP     36.1804 -121.6440    0.0000    0.0000       0       0       1       0    0.0000    0.0597   1
NCBJC     36.5472 -121.3940    0.0000    0.0000       0       0      13       0    0.0000    0.0434   1
NCBJO     36.6110 -121.3140    0.0000    0.0000       0       0      14       0    0.0000    0.0412   1
NCBPC     36.5734 -121.6270    0.0000    0.0000       0       0      21       0    0.0000    0.0384   1
NCBPR     36.4071 -121.7310    0.0000    0.0000       0       0       1       0    0.0000    0.0332   1
NCBSL     36.7765 -121.3500    0.0000    0.0000      10       8       0       0    0.0112    0.0000   1
NCBSM     36.3837 -121.4290    0.0000    0.0000       0       0       1       0    0.0000    0.0775   1
NCBSR     36.6674 -121.5200    0.0000    0.0000       0       0      33       0    0.0000    0.0518   1
NCBVY     36.7462 -121.4160    0.0000    0.0000     324     162      47       0    0.0063    0.0475   1
NCCAD     37.1638 -121.6280    0.0000    0.0000       0       0     314       0    0.0000    0.0364   1
NCCADa    37.1638 -121.6280    0.0000    0.0000     555     472       0       0    0.0098    0.0000   1
NCCAI     37.8613 -122.4300    0.0000    0.0000       0       0       5       0    0.0000    0.0441   1
NCCAL     37.4505 -121.8000    0.0000    0.0000     461     845     403      14    0.0029    0.0222   1
NCCAO     37.3485 -121.5350    0.0000    0.0000     158     409     442     124    0.0044    0.0164   1
NCCBRa    37.8165 -122.0630    0.0000    0.0000       3       1       0       0    0.0064    0.0000   1
NCCBS     37.8178 -121.6410    0.0000    0.0000      13       3       4       0    0.0043    0.0504   1
NCCCO     37.2582 -121.6750    0.0000    0.0000       0       0     433       0    0.0000    0.0154   1
NCCCOa    37.2582 -121.6750    0.0000    0.0000     158     210       0       0    0.0035    0.0000   1
NCCCY     37.5515 -122.0910    0.0000    0.0000     186     445      79       0    0.0094    0.0318   1
NCCDO     37.7301 -121.8360    0.0000    0.0000       3       5       2       0    0.0099    0.0631   1
NCCGP     37.6454 -122.0110    0.0000    0.0000       6       8       1       0    0.0043    0.0037   1
NCCLC     37.7381 -122.0650    0.0000    0.0000     104      38      18       0    0.0049    0.0516   1
NCCMH     37.3591 -121.7580    0.0000    0.0000     343     339     399       0    0.0038    0.0268   1
NCCMJ     37.5202 -121.8730    0.0000    0.0000     309     237     200       0    0.0026    0.0377   1
NCCML     37.4775 -121.6530    0.0000    0.0000     811     618     300       0    0.0071    0.0257   1
NCCMM     37.4557 -121.4940    0.0000    0.0000     128     163     181       0    0.0069    0.0236   1
NCCMO     37.8110 -121.8040    0.0000    0.0000      65       5       0       0    0.0056    0.0000   1
NCCMP     37.3577 -121.3180    0.0000    0.0000     250     443     159       0    0.0045    0.0190   1
NCCMR     37.5950 -121.6380    0.0000    0.0000     465     259     170       0    0.0072    0.0256   1
NCCNI     37.6079 -121.9650    0.0000    0.0000       0       0       2       0    0.0000    0.0348   1
NCCOS     37.5080 -121.3750    0.0000    0.0000       6     143      19       0    0.0068    0.0482   1
NCCPL     37.6375 -121.9610    0.0000    0.0000      37      36       6       0    0.0076    0.0559   1
NCCSC     37.2852 -121.7720    0.0000    0.0000     392     138     212       0    0.0026    0.0300   1
NCCSH     37.6480 -122.0430    0.0000    0.0000       4       6       0       0    0.0089    0.0000   1
NCCSL     37.7242 -122.1190    0.0000    0.0000       3       1       0       0    0.0022    0.0000   1
NCHAZ     36.8845 -121.5920    0.0000    0.0000     165      34      19       0    0.0032    0.0435   1
NCHBT     36.8502 -121.5520    0.0000    0.0000      32       4       3       0    0.0029    0.0224   1
NCHCA     37.0254 -121.4850    0.0000    0.0000     413     178      66       0    0.0038    0.0295   1
NCHCB     36.9313 -121.6600    0.0000    0.0000     113     150      53       0    0.0058    0.0308   1
NCHCO     36.8875 -121.7090    0.0000    0.0000       0       0      35       0    0.0000    0.0554   1
NCHCOa    36.8875 -121.7090    0.0000    0.0000      13       0       0       0    0.0027    0.0000   1
NCHCOb    36.8885 -121.7060    0.0000    0.0000      20       4       0       0    0.0103    0.0000   1
NCHCP     37.1945 -121.1850    0.0000    0.0000      26       4      38       0    0.0030    0.0312   1
NCHCR     36.9566 -121.5840    0.0000    0.0000     439     128     153       0    0.0036    0.0258   1
NCHDL     36.8353 -121.6470    0.0000    0.0000       0       0     100       0    0.0000    0.0382   1
NCHDLb    36.8352 -121.6450    0.0000    0.0000     257      61       0       0    0.0042    0.0000   1
NCHER     36.7982 -121.7120    0.0000    0.0000       1       1       0       0    0.0089    0.0000   1
NCHFE     36.9829 -121.4030    0.0000    0.0000     302      78      25       0    0.0038    0.0441   1
NCHFH     36.8882 -121.4690    0.0000    0.0000      52      68       2       0    0.0075    0.0534   1
NCHFP     36.7535 -121.4920    0.0000    0.0000     248      98      61       0    0.0054    0.0530   1
NCHGS     37.0955 -121.4480    0.0000    0.0000     361     391     281       0    0.0036    0.0190   1
NCHGW     37.0170 -121.6530    0.0000    0.0000     887     223     257       0    0.0099    0.0224   1
NCHJG     36.7983 -121.5750    0.0000    0.0000     152      36      54       0    0.0055    0.0467   1
NCHJS     36.8171 -121.2990    0.0000    0.0000       6       8       1       0    0.0058    0.0311   1
NCHKR     36.9017 -121.4260    0.0000    0.0000      19      11       2       0    0.0044    0.0511   1
NCHLT     36.8846 -121.3090    0.0000    0.0000      23       7       0       0    0.0075    0.0000   1
NCHOR     36.9189 -121.5150    0.0000    0.0000      47      16      20       0    0.0027    0.0533   1
NCHPL     37.0520 -121.2910    0.0000    0.0000     295     180     104       0    0.0037    0.0195   1
NCHPR     36.9532 -121.6950    0.0000    0.0000     122      82      26       0    0.0039    0.0168   1
NCHQR     36.8337 -121.2130    0.0000    0.0000     168      49       5       0    0.0102    0.0166   1
NCHSF     36.8168 -121.4980    0.0000    0.0000       0       0       2       0    0.0000    0.0462   1
NCHSFa    36.8168 -121.4980    0.0000    0.0000      11       6       0       0    0.0032    0.0000   1
NCHSFb    36.8168 -121.4980    0.0000    0.0000      71      35       0       0    0.0039    0.0000   1
NCHSL     37.0192 -121.0860    0.0000    0.0000      20       7       1       0    0.0053    0.0155   1
NCHSP     37.1150 -121.5170    0.0000    0.0000     412     534     432       0    0.0055    0.0154   1
NCJAL     37.1578 -121.8480    0.0000    0.0000     158     572     342       0    0.0077    0.0250   1
NCJBC     37.1648 -122.0300    0.0000    0.0000     116     287     127       0    0.0069    0.0182   1
NCJBG     37.3430 -122.3400    0.0000    0.0000      41       6      16       0    0.0030    0.0516   1
NCJBL     37.1278 -122.1660    0.0000    0.0000       0       0      28       0    0.0000    0.0475   1
NCJBLb    37.1275 -122.1690    0.0000    0.0000      43       2       0       0    0.0044    0.0000   1
NCJBM     37.3170 -122.1540    0.0000    0.0000     339      69     111       0    0.0031    0.0289   1
NCJBZ     37.0181 -121.8200    0.0000    0.0000     283      72     113       0    0.0074    0.0298   1
NCJCB     37.1115 -121.6900    0.0000    0.0000     471     772     414       0    0.0067    0.0111   1
NCJCHa    37.5170 -122.3770    0.0000    0.0000       2       0       0       0    0.0009    0.0000   1
NCJCP     37.5883 -122.3230    0.0000    0.0000       1       0       0       0    0.0008    0.0000   1
NCJEC     37.0505 -121.8100    0.0000    0.0000     263     239     201       0    0.0087    0.0203   1
NCJEG     37.5138 -122.4630    0.0000    0.0000       0       0       3       0    0.0000    0.0092   1
NCJHL     37.1091 -121.8350    0.0000    0.0000     351     227     351       0    0.0031    0.0120   1
NCJHP     37.4441 -122.3040    0.0000    0.0000     235      16      82       0    0.0023    0.0434   1
NCJJR     37.3445 -122.2030    0.0000    0.0000       2       1       1       0    0.0041    0.0093   1
NCJLA     37.1543 -121.7340    0.0000    0.0000       0       0       1       0    0.0000    0.0138   1
NCJLT     37.3537 -122.2040    0.0000    0.0000      32      29       9       0    0.0044    0.0584   1
NCJLX     37.2019 -121.9870    0.0000    0.0000     128     258     224       0    0.0030    0.0418   1
NCJMG     37.6375 -122.4760    0.0000    0.0000       0       0      22       0    0.0000    0.0371   1
NCJPL     36.9775 -121.8340    0.0000    0.0000      55     111       8       0    0.0057    0.0369   1
NCJPP     37.2626 -122.2140    0.0000    0.0000       0       0      80       0    0.0000    0.0429   1
NCJPPa    37.2626 -122.2140    0.0000    0.0000     227      32       0       0    0.0094    0.0000   1
NCJPS     37.1984 -122.3480    0.0000    0.0000      36      19       4       0    0.0045    0.0372   1
NCJRG     37.0378 -121.9660    0.0000    0.0000      26      32      15       0    0.0027    0.0441   1
NCJRR     37.0543 -121.7280    0.0000    0.0000     429     210     372       0    0.0038    0.0197   1
NCJSA     37.5822 -122.4200    0.0000    0.0000       0       0       6       0    0.0000    0.0460   1
NCJSC     37.2843 -122.1240    0.0000    0.0000     222      87      70       0    0.0103    0.0390   1
NCJSF     37.4046 -122.1740    0.0000    0.0000       0       0      46       0    0.0000    0.0152   1
NCJSFa    37.4046 -122.1740    0.0000    0.0000      91      13       0       0    0.0050    0.0000   1
NCJSFb    37.4046 -122.1740    0.0000    0.0000       3       0       0       0    0.0016    0.0000   1
NCJSG     37.2832 -122.0510    0.0000    0.0000     259      94     146       0    0.0081    0.0205   1
NCJSJ     37.3338 -122.0920    0.0000    0.0000      70      20      38       0    0.0030    0.0260   1
NCJSM     37.2123 -122.1690    0.0000    0.0000      56      69      53       0    0.0041    0.0302   1
NCJSS     37.1695 -121.9320    0.0000    0.0000      76     625     241       0    0.0041    0.0295   1
NCJST     37.2068 -121.7970    0.0000    0.0000     371     868     424       1    0.0040    0.0430   1
NCJTG     37.0285 -121.8780    0.0000    0.0000     142      39      37       0    0.0052    0.0384   1
NCJUC     37.0010 -122.0490    0.0000    0.0000      12      70      16       0    0.0047    0.0571   1
NCJUM     37.1607 -121.8990    0.0000    0.0000       0       0       9       0    0.0000    0.0258   1
NCCDV     37.5665 -121.6790    0.0000    0.0000     782     813     315       0    0.0091    0.0210   1
NCCMN     37.6279 -121.7070    0.0000    0.0000     115     120      35       0    0.0051    0.0242   1
NCCSA     37.6724 -121.7030    0.0000    0.0000       2       0       2       0    0.0056    0.0215   1
NCCST     37.6392 -121.4980    0.0000    0.0000     345     159     154       0    0.0071    0.0312   1
NCCVA     37.6182 -121.7600    0.0000    0.0000     260     388     135       0    0.0037    0.0320   1
NCCVL     37.6236 -121.8360    0.0000    0.0000      45      62      42       0    0.0051    0.0394   1
