This is pdfTeX, Version 3.1415926-2.4-1.40.13 (TeX Live 2012/MacPorts 2012_5) (format=latex 2012.7.11)  24 JUN 2013 01:45
entering extended mode
 restricted \write18 enabled.
 %&-line parsing enabled.
**paper2_diff.tex
(./paper2_diff.tex
LaTeX2e <2011/06/27>
Babel <v3.8m> and hyphenation patterns for english, dumylang, nohyphenation, cz
ech, slovak, dutch, ukenglish, usenglishmax, basque, french, german-x-2012-05-3
0, ngerman-x-2012-05-30, german, ngerman, swissgerman, italian, polish, portugu
ese, spanish, catalan, galician, loaded.
(/opt/local/share/texmf-texlive-dist/tex/latex/base/article.cls
Document Class: article 2007/10/19 v1.4h Standard LaTeX document class
(/opt/local/share/texmf-texlive-dist/tex/latex/base/size12.clo
File: size12.clo 2007/10/19 v1.4h Standard LaTeX file (size option)
)
\c@part=\count79
\c@section=\count80
\c@subsection=\count81
\c@subsubsection=\count82
\c@paragraph=\count83
\c@subparagraph=\count84
\c@figure=\count85
\c@table=\count86
\abovecaptionskip=\skip41
\belowcaptionskip=\skip42
\bibindent=\dimen102
)
(/opt/local/share/texmf-texlive-dist/tex/latex/graphics/graphicx.sty
Package: graphicx 1999/02/16 v1.0f Enhanced LaTeX Graphics (DPC,SPQR)

(/opt/local/share/texmf-texlive-dist/tex/latex/graphics/keyval.sty
Package: keyval 1999/03/16 v1.13 key=value parser (DPC)
\KV@toks@=\toks14
)
(/opt/local/share/texmf-texlive-dist/tex/latex/graphics/graphics.sty
Package: graphics 2009/02/05 v1.0o Standard LaTeX Graphics (DPC,SPQR)

(/opt/local/share/texmf-texlive-dist/tex/latex/graphics/trig.sty
Package: trig 1999/03/16 v1.09 sin cos tan (DPC)
)
(/opt/local/share/texmf-texlive-dist/tex/latex/latexconfig/graphics.cfg
File: graphics.cfg 2010/04/23 v1.9 graphics configuration of TeX Live
)
Package graphics Info: Driver file: dvips.def on input line 91.

(/opt/local/share/texmf-texlive-dist/tex/latex/graphics/dvips.def
File: dvips.def 1999/02/16 v3.0i Driver-dependant file (DPC,SPQR)
))
\Gin@req@height=\dimen103
\Gin@req@width=\dimen104
)
(/opt/local/share/texmf-texlive-dist/tex/latex/amsfonts/amssymb.sty
Package: amssymb 2009/06/22 v3.00

(/opt/local/share/texmf-texlive-dist/tex/latex/amsfonts/amsfonts.sty
Package: amsfonts 2009/06/22 v3.00 Basic AMSFonts support
\@emptytoks=\toks15
\symAMSa=\mathgroup4
\symAMSb=\mathgroup5
LaTeX Font Info:    Overwriting math alphabet `\mathfrak' in version `bold'
(Font)                  U/euf/m/n --> U/euf/b/n on input line 96.
))
(/opt/local/share/texmf-texlive-dist/tex/latex/amsmath/amsmath.sty
Package: amsmath 2000/07/18 v2.13 AMS math features
\@mathmargin=\skip43

For additional information on amsmath, use the `?' option.
(/opt/local/share/texmf-texlive-dist/tex/latex/amsmath/amstext.sty
Package: amstext 2000/06/29 v2.01

(/opt/local/share/texmf-texlive-dist/tex/latex/amsmath/amsgen.sty
File: amsgen.sty 1999/11/30 v2.0
\@emptytoks=\toks16
\ex@=\dimen105
))
(/opt/local/share/texmf-texlive-dist/tex/latex/amsmath/amsbsy.sty
Package: amsbsy 1999/11/29 v1.2d
\pmbraise@=\dimen106
)
(/opt/local/share/texmf-texlive-dist/tex/latex/amsmath/amsopn.sty
Package: amsopn 1999/12/14 v2.01 operator names
)
\inf@bad=\count87
LaTeX Info: Redefining \frac on input line 211.
\uproot@=\count88
\leftroot@=\count89
LaTeX Info: Redefining \overline on input line 307.
\classnum@=\count90
\DOTSCASE@=\count91
LaTeX Info: Redefining \ldots on input line 379.
LaTeX Info: Redefining \dots on input line 382.
LaTeX Info: Redefining \cdots on input line 467.
\Mathstrutbox@=\box26
\strutbox@=\box27
\big@size=\dimen107
LaTeX Font Info:    Redeclaring font encoding OML on input line 567.
LaTeX Font Info:    Redeclaring font encoding OMS on input line 568.
\macc@depth=\count92
\c@MaxMatrixCols=\count93
\dotsspace@=\muskip10
\c@parentequation=\count94
\dspbrk@lvl=\count95
\tag@help=\toks17
\row@=\count96
\column@=\count97
\maxfields@=\count98
\andhelp@=\toks18
\eqnshift@=\dimen108
\alignsep@=\dimen109
\tagshift@=\dimen110
\tagwidth@=\dimen111
\totwidth@=\dimen112
\lineht@=\dimen113
\@envbody=\toks19
\multlinegap=\skip44
\multlinetaggap=\skip45
\mathdisplay@stack=\toks20
LaTeX Info: Redefining \[ on input line 2666.
LaTeX Info: Redefining \] on input line 2667.
)
(/opt/local/share/texmf/tex/latex/rotating/rotating.sty
Package: rotating 2009/03/28 v2.16b rotated objects in LaTeX

(/opt/local/share/texmf-texlive-dist/tex/latex/base/ifthen.sty
Package: ifthen 2001/05/26 v1.1c Standard LaTeX ifthen package (DPC)
)
\c@r@tfl@t=\count99
\rotFPtop=\skip46
\rotFPbot=\skip47
\rot@float@box=\box28
\rot@mess@toks=\toks21
)
(/opt/local/share/texmf-texlive-dist/tex/latex/natbib/natbib.sty
Package: natbib 2010/09/13 8.31b (PWD, AO)
\bibhang=\skip48
\bibsep=\skip49
LaTeX Info: Redefining \cite on input line 694.
\c@NAT@ctr=\count100
)
(/opt/local/share/texmf-texlive-dist/tex/latex/lineno/lineno.sty
Package: lineno 2005/11/02 line numbers on paragraphs v4.41
\linenopenalty=\count101
\output=\toks22
\linenoprevgraf=\count102
\linenumbersep=\dimen114
\linenumberwidth=\dimen115
\c@linenumber=\count103
\c@pagewiselinenumber=\count104
\c@LN@truepage=\count105
\c@internallinenumber=\count106
\c@internallinenumbers=\count107
\quotelinenumbersep=\dimen116
\bframerule=\dimen117
\bframesep=\dimen118
\bframebox=\box29
LaTeX Info: Redefining \\ on input line 3056.
)
\c@theorem=\count108

(/opt/local/share/texmf-texlive-dist/tex/generic/ulem/ulem.sty
\UL@box=\box30
\UL@hyphenbox=\box31
\UL@skip=\skip50
\UL@hook=\toks23
\UL@height=\dimen119
\UL@pe=\count109
\UL@pixel=\dimen120
\ULC@box=\box32
Package: ulem 2012/05/18
\ULdepth=\dimen121
)
(/opt/local/share/texmf-texlive-dist/tex/latex/graphics/color.sty
Package: color 2005/11/14 v1.0j Standard LaTeX Color (DPC)

(/opt/local/share/texmf-texlive-dist/tex/latex/latexconfig/color.cfg
File: color.cfg 2007/01/18 v1.5 color configuration of teTeX/TeXLive
)
Package color Info: Driver file: dvips.def on input line 130.

(/opt/local/share/texmf-texlive-dist/tex/latex/graphics/dvipsnam.def
File: dvipsnam.def 1999/02/16 v3.0i Driver-dependant file (DPC,SPQR)
))

LaTeX Warning: Unused global option(s):
    [double].

(./paper2_diff.aux)
\openout1 = `paper2_diff.aux'.

LaTeX Font Info:    Checking defaults for OML/cmm/m/it on input line 69.
LaTeX Font Info:    ... okay on input line 69.
LaTeX Font Info:    Checking defaults for T1/cmr/m/n on input line 69.
LaTeX Font Info:    ... okay on input line 69.
LaTeX Font Info:    Checking defaults for OT1/cmr/m/n on input line 69.
LaTeX Font Info:    ... okay on input line 69.
LaTeX Font Info:    Checking defaults for OMS/cmsy/m/n on input line 69.
LaTeX Font Info:    ... okay on input line 69.
LaTeX Font Info:    Checking defaults for OMX/cmex/m/n on input line 69.
LaTeX Font Info:    ... okay on input line 69.
LaTeX Font Info:    Checking defaults for U/cmr/m/n on input line 69.
LaTeX Font Info:    ... okay on input line 69.
LaTeX Font Info:    Try loading font information for U+msa on input line 80.

(/opt/local/share/texmf-texlive-dist/tex/latex/amsfonts/umsa.fd
File: umsa.fd 2009/06/22 v3.00 AMS symbols A
)
LaTeX Font Info:    Try loading font information for U+msb on input line 80.

(/opt/local/share/texmf-texlive-dist/tex/latex/amsfonts/umsb.fd
File: umsb.fd 2009/06/22 v3.00 AMS symbols B
) [1

] [2

]
[3] [4] [5] [6] [7] [8] [9]
Overfull \hbox (33.44249pt too wide) in paragraph at lines 401--419
[]\OT1/cmr/m/n/12 For three earth-quakes we have like-li-hoods; $\OML/cmm/m/it/
12 P\OT1/cmr/m/n/12 ([]\OMS/cmsy/m/n/12 j\OT1/cmr/bx/n/12 e[]\OML/cmm/m/it/12 ;
 \OT1/cmr/bx/n/12 e[]\OT1/cmr/m/n/12 )$, $\OML/cmm/m/it/12 P\OT1/cmr/m/n/12 ([]
\OMS/cmsy/m/n/12 j\OT1/cmr/bx/n/12 e[]\OML/cmm/m/it/12 ; \OT1/cmr/bx/n/12 e[]\O
T1/cmr/m/n/12 )$
 []

[10] [11] [12]
Overfull \hbox (22.70358pt too wide) in paragraph at lines 526--533
\OT1/cmr/m/n/12 earth-quakes. The in-clu-sion of []|   []   |   []   |   []   |
   []   |   []   |   []   [][]|   []
 []

[13]
Overfull \hbox (21.3361pt too wide) in paragraph at lines 571--589
\OT1/cmr/m/n/12 We de-sign a 2D syn-thetic acous-tic ex-per-i-ment (ex-am-ple 1
) []|   []   |   []   |   []   |   []
 []

[14] [15] [16] [17] [18] [19] [20] [21]
Overfull \hbox (4.46951pt too wide) in paragraph at lines 863--864
|   []   |   []   |   []   |   []   |   []   |   []   |   []   |   []   |   [] 
  |   []   |   []
 []


Overfull \hbox (23.00554pt too wide) in paragraph at lines 863--864
|   []   |   []   |   []   |   []   |   []   |   []   |   []   |   []
 []

[22] [23]

LaTeX Warning: Reference `tab:Calaveras-stationremoval' on page 24 undefined on
 input line 916.

[24] [25] [26] [27] [28] [29]
Overfull \hbox (18.5694pt too wide) in paragraph at lines 1151--1151
[]\OT1/cmr/bx/n/14.4 Example 8 - Com-bin-ing CWI and []|   []   |   []   [][]| 
  []
 []

[30] [31] [32] [33] [34] [35] [36] [37]
Underfull \hbox (badness 1824) in paragraph at lines 1483--1487
\OT1/cmr/m/n/12 wave in-ter-fer-om-e-try for es-ti-mat-ing the vari-a-tion in s
ource mech-a-
 []


Underfull \hbox (badness 4279) in paragraph at lines 1496--1499
[]\OT1/cmr/m/n/12 Rubin, A. M. (2002), Af-ter-shocks of mi-croearthquakes as pr
obes
 []


Underfull \hbox (badness 5893) in paragraph at lines 1496--1499
\OT1/cmr/m/n/12 of the me-chan-ics of rup-ture, \OT1/cmr/m/it/12 J. Geo-phys. R
es.\OT1/cmr/m/n/12 , \OT1/cmr/m/it/12 107\OT1/cmr/m/n/12 (B7,2142),
 []

[38] [39] [40]
Underfull \hbox (badness 2020) in paragraph at lines 1592--1596
[]\OT1/cmr/m/n/12 Waldhauser, F., and D. P. Schaff (2008), Large-scale re-lo-ca
-tion of
 []


Underfull \hbox (badness 5091) in paragraph at lines 1592--1596
\OT1/cmr/m/n/12 and double-difference meth-ods, \OT1/cmr/m/it/12 J. Geo-phys. R
es.\OT1/cmr/m/n/12 , \OT1/cmr/m/it/12 133\OT1/cmr/m/n/12 , B08311,
 []

[41]
Overfull \vbox (17.49298pt too high) has occurred while \output is active []


[42]
Overfull \hbox (22.821pt too wide) in paragraph at lines 1650--1662
[][] 
 []


Overfull \hbox (3.49036pt too wide) in paragraph at lines 1697--1741
[]|   []   |   []   |   []   |   []   |   []   |   []   |   []   |   []   |   [
]   |   [][]
 []

[43

] [44]

LaTeX Warning: Reference `{fig-CWIreducesstats}' on page 45 undefined on input 
line 1835.


LaTeX Warning: Reference `{fig-CWIreducesstats}' on page 45 undefined on input 
line 1835.


LaTeX Warning: Reference `tab:Calaveras-stationremoval' on page 45 undefined on
 input line 1849.


LaTeX Warning: Reference `tab:Calaveras-stationremoval' on page 45 undefined on
 input line 1849.


Underfull \hbox (badness 10000) in paragraph at lines 1874--1874
[]\OT1/cmr/m/n/12 Figure 9: Ex-am-ple 6 - Hy-poDD (SVD) rel-a-tive lo-ca-
 []


Underfull \hbox (badness 10000) in paragraph at lines 1874--1874
\OT1/cmr/m/n/12 tions with re-duced sta-tions. []|   []   |   []   |   []   |  
 []   |   []   |   []
 []

[45] [46] [47] [48


] [49] [50] [51] [52] (./paper2_diff.aux)

LaTeX Warning: There were undefined references.

 ) 
Here is how much of TeX's memory you used:
 2610 strings out of 494764
 33736 string characters out of 3171465
 102203 words of memory out of 3000000
 5823 multiletter control sequences out of 15000+200000
 13624 words of font info for 50 fonts, out of 3000000 for 9000
 134 hyphenation exceptions out of 8191
 27i,11n,29p,866b,322s stack positions out of 5000i,500n,10000p,200000b,50000s

Output written on paper2_diff.dvi (52 pages, 279472 bytes).
