This is pdfTeX, Version 3.1415926-1.40.10 (MiKTeX 2.8) (preloaded format=latex 2009.9.7)  28 OCT 2010 23:11
entering extended mode
**C:/datafiles/workstuff/sandpit/davidr/concluding_papers/paper2/paper2.tex
(C:/datafiles/workstuff/sandpit/davidr/concluding_papers/paper2/paper2.tex
LaTeX2e <2005/12/01>
Babel <v3.8l> and hyphenation patterns for english, dumylang, nohyphenation, ge
rman, ngerman, german-x-2009-06-19, ngerman-x-2009-06-19, french, loaded.
(C:\datafiles\workstuff\sandpit\davidr\concluding_papers\paper2\gji.cls
Document Class: gji 1995/11/30 v2.0 LaTeX2e document class
Document Class `GJI' V2.0, released 1998 Nov
\fntxvi=\skip41
\fntxvii=\skip42
\GJ@measure=\dimen102
\c@part=\count79
\c@section=\count80
\c@subsection=\count81
\c@subsubsection=\count82
\c@paragraph=\count83
\c@subparagraph=\count84
\@indentskip=\skip43
\smallindent=\skip44
\@footindent=\skip45
\@leftskip=\skip46
\c@dummy=\count85
\c@table=\count86
\c@figure=\count87
\mathindent=\dimen103
(C:\datafiles\workstuff\sandpit\davidr\concluding_papers\paper2\gji_extra.sty
\@temptokenb=\toks14
\pt@box=\box26
\pt@width=\dimen104
\pt@line=\count88
\pt@nlines=\count89
\pt@ncol=\count90
\bibhang=\skip47
\bibsep=\skip48
LaTeX Info: Redefining \cite on input line 388.
\c@NAT@ctr=\count91
\oldvsize=\dimen105
)) (C:\datafiles\workstuff\sandpit\davidr\concluding_papers\paper2\timet.sty
Package: timet 1997/01/23 6.0 Times PSNFSS2e package
)
("C:\Program Files\MiKTeX 2.8\tex\latex\graphics\graphicx.sty"
Package: graphicx 1999/02/16 v1.0f Enhanced LaTeX Graphics (DPC,SPQR)

("C:\Program Files\MiKTeX 2.8\tex\latex\graphics\keyval.sty"
Package: keyval 1999/03/16 v1.13 key=value parser (DPC)
\KV@toks@=\toks15
)
("C:\Program Files\MiKTeX 2.8\tex\latex\graphics\graphics.sty"
Package: graphics 2006/02/20 v1.0o Standard LaTeX Graphics (DPC,SPQR)

("C:\Program Files\MiKTeX 2.8\tex\latex\graphics\trig.sty"
Package: trig 1999/03/16 v1.09 sin cos tan (DPC)
)
("C:\Program Files\MiKTeX 2.8\tex\latex\00miktex\graphics.cfg"
File: graphics.cfg 2007/01/18 v1.5 graphics configuration of teTeX/TeXLive
)
Package graphics Info: Driver file: dvips.def on input line 90.

("C:\Program Files\MiKTeX 2.8\tex\latex\graphics\dvips.def"
File: dvips.def 1999/02/16 v3.0i Driver-dependant file (DPC,SPQR)
))
\Gin@req@height=\dimen106
\Gin@req@width=\dimen107
)
\c@theorem=\count92

(C:\datafiles\workstuff\sandpit\davidr\concluding_papers\paper2\paper2.aux

LaTeX Warning: Label `fig-statremoval_summarystats' multiply defined.


LaTeX Warning: Label `fig-69Calaverasevents_eg1' multiply defined.


LaTeX Warning: Label `fig-HYPODDreducesstats' multiply defined.


LaTeX Warning: Label `fig-69Calaverasevents_eg1' multiply defined.

)
LaTeX Font Info:    Checking defaults for OML/cmm/m/it on input line 39.
LaTeX Font Info:    ... okay on input line 39.
LaTeX Font Info:    Checking defaults for T1/cmr/m/n on input line 39.
LaTeX Font Info:    ... okay on input line 39.
LaTeX Font Info:    Checking defaults for OT1/cmr/m/n on input line 39.
LaTeX Font Info:    ... okay on input line 39.
LaTeX Font Info:    Checking defaults for OMS/cmsy/m/n on input line 39.
LaTeX Font Info:    ... okay on input line 39.
LaTeX Font Info:    Checking defaults for OMX/cmex/m/n on input line 39.
LaTeX Font Info:    ... okay on input line 39.
LaTeX Font Info:    Checking defaults for U/cmr/m/n on input line 39.
LaTeX Font Info:    ... okay on input line 39.
LaTeX Font Info:    Try loading font information for OT1+ptm on input line 39.
 ("C:\Program Files\MiKTeX 2.8\tex\latex\psnfss\ot1ptm.fd"
File: ot1ptm.fd 2001/06/04 font definitions for OT1/ptm.
)
LaTeX Font Info:    Font shape `OT1/ptm/bx/n' in size <17.28> not available
(Font)              Font shape `OT1/ptm/b/n' tried instead on input line 43.
LaTeX Font Info:    External font `cmex10' loaded for size
(Font)              <14.4> on input line 43.
LaTeX Font Info:    External font `cmex10' loaded for size
(Font)              <7> on input line 43.
LaTeX Font Info:    External font `cmex10' loaded for size
(Font)              <8> on input line 43.
LaTeX Font Info:    External font `cmex10' loaded for size
(Font)              <6> on input line 43.
LaTeX Font Info:    External font `cmex10' loaded for size
(Font)              <5> on input line 43.
LaTeX Font Info:    Font shape `OT1/ptm/bx/n' in size <9> not available
(Font)              Font shape `OT1/ptm/b/n' tried instead on input line 46.
LaTeX Font Info:    Font shape `OT1/ptm/bx/n' in size <10> not available
(Font)              Font shape `OT1/ptm/b/n' tried instead on input line 50.
LaTeX Font Info:    External font `cmex10' loaded for size
(Font)              <9> on input line 74.
LaTeX Font Info:    Font shape `OT1/ptm/bx/n' in size <8> not available
(Font)              Font shape `OT1/ptm/b/n' tried instead on input line 141.
 [1


]
Underfull \hbox (badness 1721) in paragraph at lines 255--270
\OT1/ptm/m/n/9 the pos-te-rior, like-li-hood and prior func-tions, re-spec-tive
ly. In
 []


Underfull \hbox (badness 4217) in paragraph at lines 255--270
\OT1/ptm/m/n/9 eq. (6[]) $\OT1/cmr/bx/n/9 d$ \OT1/ptm/m/n/9 rep-re-sents ob-ser
-va-tions that con-strain the lo-ca-
 []


Underfull \hbox (badness 1337) in paragraph at lines 255--270
\OT1/ptm/m/n/9 tions. They can be any com-bi-na-tion of travel times, geode-
 []


Underfull \hbox (badness 1354) in paragraph at lines 255--270
\OT1/ptm/m/n/9 tic in-for-ma-tion or CWI sep-a-ra-tion es-ti-ma-tions. For ex-a
m-ple,
 []


Underfull \hbox (badness 1735) in paragraph at lines 255--270
\OT1/ptm/m/n/9 if coda waves are used we have $\OML/cmm/m/it/9 P\OT1/cmr/m/n/9 
(\OT1/cmr/bx/n/9 e[]\OML/cmm/m/it/9 ; \OT1/cmr/bx/n/9 e[]\OML/cmm/m/it/9 ; \OT1
/cmr/bx/n/9 e[]\OMS/cmsy/m/n/9 j[][]\OT1/cmr/m/n/9 )$ \OT1/ptm/m/n/9 and
 []


Underfull \hbox (badness 10000) in paragraph at lines 271--286
[][]\OT1/ptm/m/n/9 For three earth-quakes we have like-li-hoods;
 []


Underfull \hbox (badness 10000) in paragraph at lines 271--286
\OML/cmm/m/it/9 P\OT1/cmr/m/n/9 ([]\OMS/cmsy/m/n/9 j\OT1/cmr/bx/n/9 e[]\OML/cmm
/m/it/9 ; \OT1/cmr/bx/n/9 e[]\OT1/cmr/m/n/9 )$\OT1/ptm/m/n/9 , $\OML/cmm/m/it/9
 P\OT1/cmr/m/n/9 ([]\OMS/cmsy/m/n/9 j\OT1/cmr/bx/n/9 e[]\OML/cmm/m/it/9 ; \OT1/
cmr/bx/n/9 e[]\OT1/cmr/m/n/9 )$ \OT1/ptm/m/n/9 and
 []


Underfull \hbox (badness 4291) in paragraph at lines 271--286
\OML/cmm/m/it/9 P\OT1/cmr/m/n/9 ([]\OMS/cmsy/m/n/9 j\OT1/cmr/bx/n/9 e[]\OML/cmm
/m/it/9 ; \OT1/cmr/bx/n/9 e[]\OT1/cmr/m/n/9 )$\OT1/ptm/m/n/9 . In writ-ing thes
e like-li-hoods we have
 []


Underfull \vbox (badness 1418) has occurred while \output is active []

 [2]
File: diags/locs_2D_50eq_1.eps Graphic file (type eps)

<diags/locs_2D_50eq_1.eps> [3]
File: diags/locs_2D_50eq_3.eps Graphic file (type eps)
 <diags/locs_2D_50eq_3.eps>
File: ../../thesis_version2/diags/eq_location_optimisation/synth2Dmulti/ressumm
ary_2Dsynth50eq.eps Graphic file (type eps)

<../../thesis_version2/diags/eq_location_optimisation/synth2Dmulti/ressummary_2
Dsynth50eq.eps> [4]
File: ../../thesis_version2/diags/eq_location_optimisation/synth3Dmulti/ressumm
ary_3Dsynth50eq.eps Graphic file (type eps)

<../../thesis_version2/diags/eq_location_optimisation/synth3Dmulti/ressummary_3
Dsynth50eq.eps>
Underfull \vbox (badness 10000) has occurred while \output is active []

 [5]
File: diags/CalaverasMap/gmt_california/CaliforniaCalaverasMap1.eps Graphic fil
e (type eps)

<diags/CalaverasMap/gmt_california/CaliforniaCalaverasMap1.eps>
File: diags/CalaverasLoc1.eps Graphic file (type eps)

<diags/CalaverasLoc1.eps>

LaTeX Warning: Reference `fig-68Calaveras_CWIxyloc-statremove' on page 6 undefi
ned on input line 645.


LaTeX Warning: Reference `fig-68Calaveras_hypoDDyzloc-statremove' on page 6 und
efined on input line 646.

File: diags/CalaverasMap/matlab/Calaveras_substationmap.eps Graphic file (type 
eps)
<diags/CalaverasMap/matlab/Calaveras_substationmap.eps>

LaTeX Warning: Reference `fig-68Calaveras_CWIxyloc-statremove' on page 6 undefi
ned on input line 656.


LaTeX Warning: Reference `fig-68Calaveras_hypoDDyzloc-statremove' on page 6 und
efined on input line 656.


LaTeX Warning: Reference `fig-68Calaveras_CWIxyloc-statremove' on page 6 undefi
ned on input line 656.


LaTeX Warning: Reference `fig-68Calaveras_hypoDDyzloc-statremove' on page 6 und
efined on input line 656.


Overfull \hbox (17.69417pt too wide) in paragraph at lines 663--680
[][][]
 []


Underfull \hbox (badness 10000) in paragraph at lines 663--680

 []

File: diags/CalaverasLoc2.eps Graphic file (type eps)
<diags/CalaverasLoc2.eps>
File: diags/CalaverasLoc3.eps Graphic file (type eps)
 <diags/CalaverasLoc3.eps>
File: diags/CalaverasLoc4.eps Graphic file (type eps)
 <diags/CalaverasLoc4.eps>
File: diags/CalaverasLoc5.eps Graphic file (type eps)

<diags/CalaverasLoc5.eps>
File: diags/OmoriFigure.eps Graphic file (type eps)
 <diags/OmoriFigure.eps>
File: diags/CalaverasLoc6.eps Graphic file (type eps)
 <diags/CalaverasLoc6.eps>
[6] (C:\datafiles\workstuff\sandpit\davidr\concluding_papers\paper2\paper2.bbl
[7] [8] [9]
Underfull \vbox (badness 10000) has occurred while \output is active []

 [10]
Underfull \vbox (badness 10000) has occurred while \output is active []

 [11]
Underfull \hbox (badness 1478) in paragraph at lines 276--280
\OT1/ptm/m/n/8 chan-ics of the Hay-ward Fault, Cal-i-for-nia, from double--diff
erence
 []


Underfull \hbox (badness 2818) in paragraph at lines 276--280
\OT1/ptm/m/n/8 earth-quake lo-ca-tions, \OT1/ptm/m/it/8 Jour-nal of Geo-phys-i-
cal Re-search\OT1/ptm/m/n/8 , \OT1/ptm/b/n/8 107\OT1/ptm/m/n/8 (B3),
 []


Underfull \hbox (badness 1248) in paragraph at lines 282--287
\OT1/ptm/m/n/8 double-difference meth-ods, \OT1/ptm/m/it/8 Jour-nal of Geo-phys
-i-cal Re-search\OT1/ptm/m/n/8 , \OT1/ptm/b/n/8 133\OT1/ptm/m/n/8 ,
 []

)
Underfull \hbox (badness 1210) in paragraph at lines 876--879
[]\OT1/ptm/m/n/9 are re-quired by the Polak-Ribiere al-go-rithm. These are used

 []


Underfull \hbox (badness 3000) in paragraph at lines 876--879
\OT1/ptm/m/n/9 to guide the op-ti-mi-sa-tion pro-ce-dure to-wards the val-ues o
f
 []

[12] [13

]
File: diags/CalaverasLoc1.eps Graphic file (type eps)
 <diags/CalaverasLoc1.eps>
File: diags/CalaverasLoc3_hypoDD_SVD.eps Graphic file (type eps)
 <diags/CalaverasLoc3_hypoDD_SVD.eps>
File: diags/CalaverasLoc4_hypoDD_SVD.eps Graphic file (type eps)

<diags/CalaverasLoc4_hypoDD_SVD.eps>
File: diags/CalaverasLoc5_hypoDD_SVD.eps Graphic file (type eps)
 <diags/CalaverasLoc5_hypoDD_SVD.eps>
[14


] [15] [16]
(C:\datafiles\workstuff\sandpit\davidr\concluding_papers\paper2\paper2.aux)

LaTeX Warning: There were undefined references.


LaTeX Warning: There were multiply-defined labels.

 ) 
Here is how much of TeX's memory you used:
 1100 strings out of 495286
 14413 string characters out of 3180418
 91066 words of memory out of 3000000
 4312 multiletter control sequences out of 15000+200000
 17628 words of font info for 50 fonts, out of 3000000 for 9000
 14 hyphenation exceptions out of 8191
 25i,11n,24p,1013b,343s stack positions out of 5000i,500n,10000p,200000b,50000s

Output written on paper2.dvi (16 pages, 105756 bytes).
